<?xml version="1.0" encoding="UTF-8"?>
<!-- Generated by org.testng.reporters.JUnitReportReporter -->
<testsuite hostname="DESKTOP-25TDOVQ" failures="0" tests="5" name="firstRest.restTest" time="٩.٠٩٨" errors="0" timestamp="٢٠٢٤-٠٥-٢٨T٠٩:٥٦:٤٩ IDT" skipped="0">
  <testcase classname="firstRest.restTest" name="validate_response_code_testcase" time="٠.٢٦١"/>
  <system-out/>
  <testcase classname="firstRest.restTest" name="delete_post_testcase" time="٠.٦٧٦"/>
  <system-out/>
  <testcase classname="firstRest.restTest" name="validate_response_data_testcase" time="٠.٣٩٤"/>
  <system-out/>
  <testcase classname="firstRest.restTest" name="update_post_testcase" time="٠.٧٢٩"/>
  <system-out/>
  <testcase classname="firstRest.restTest" name="create_post_testcase" time="٧.٠٣٨"/>
  <system-out/>
</testsuite> <!-- firstRest.restTest -->
